# JRE version: OpenJDK Runtime Environment Temurin-21.0.4+7 (21.0.4+7) (build 21.0.4+7-LTS)
# Java VM: OpenJDK 64-Bit Server VM Temurin-21.0.4+7 (21.0.4+7-LTS, mixed mode, emulated-client, tiered, compressed oops, compressed class ptrs, g1 gc, windows-amd64)
GC Precious Log:
 CardTable entry size: 512
 Card Set container configuration: InlinePtr #cards 5 size 8 Array Of Cards #cards 12 size 40 Howl #buckets 4 coarsen threshold 1843 Howl Bitmap #cards 512 size 80 coarsen threshold 460 Card regions per heap region 1 cards per card region 2048
 CPUs: 12 total, 12 available
 Memory: 5989M
 Large Page Support: Disabled
 NUMA Support: Disabled
 Compressed Oops: Enabled (32-bit)
 Heap Region Size: 1M
 Heap Min Capacity: 8M
 Heap Initial Capacity: 94M
 Heap Max Capacity: 1498M
 Pre-touch: Disabled
 Parallel Workers: 10
 Concurrent Workers: 3
 Concurrent Refinement Workers: 10
 Periodic GC: Disabled
Heap:
 garbage-first heap   total 73728K, used 60819K [0x00000000a2600000, 0x0000000100000000)
  region size 1024K, 40 young (40960K), 4 survivors (4096K)
 Metaspace       used 66727K, committed 67392K, reserved 1114112K
  class space    used 8900K, committed 9152K, reserved 1048576K
GC Heap History (20 events):
Event: 2.549 GC heap before
{Heap before GC invocations=14 (full 0):
 garbage-first heap   total 51200K, used 42291K [0x00000000a2600000, 0x0000000100000000)
  region size 1024K, 29 young (29696K), 4 survivors (4096K)
 Metaspace       used 38590K, committed 39104K, reserved 1114112K
  class space    used 4713K, committed 4928K, reserved 1048576K
}
Event: 2.552 GC heap after
{Heap after GC invocations=15 (full 0):
 garbage-first heap   total 51200K, used 17628K [0x00000000a2600000, 0x0000000100000000)
  region size 1024K, 3 young (3072K), 3 survivors (3072K)
 Metaspace       used 38590K, committed 39104K, reserved 1114112K
  class space    used 4713K, committed 4928K, reserved 1048576K
}
Event: 2.807 GC heap before
{Heap before GC invocations=15 (full 0):
 garbage-first heap   total 51200K, used 44252K [0x00000000a2600000, 0x0000000100000000)
  region size 1024K, 29 young (29696K), 3 survivors (3072K)
 Metaspace       used 40793K, committed 41216K, reserved 1114112K
  class space    used 5059K, committed 5248K, reserved 1048576K
}
Event: 2.810 GC heap after
{Heap after GC invocations=16 (full 0):
 garbage-first heap   total 51200K, used 19124K [0x00000000a2600000, 0x0000000100000000)
  region size 1024K, 3 young (3072K), 3 survivors (3072K)
 Metaspace       used 40793K, committed 41216K, reserved 1114112K
  class space    used 5059K, committed 5248K, reserved 1048576K
}
Event: 3.018 GC heap before
{Heap before GC invocations=16 (full 0):
 garbage-first heap   total 51200K, used 44724K [0x00000000a2600000, 0x0000000100000000)
  region size 1024K, 28 young (28672K), 3 survivors (3072K)
 Metaspace       used 42876K, committed 43520K, reserved 1114112K
  class space    used 5330K, committed 5632K, reserved 1048576K
}
Event: 3.021 GC heap after
{Heap after GC invocations=17 (full 0):
 garbage-first heap   total 61440K, used 20460K [0x00000000a2600000, 0x0000000100000000)
  region size 1024K, 4 young (4096K), 4 survivors (4096K)
 Metaspace       used 42876K, committed 43520K, reserved 1114112K
  class space    used 5330K, committed 5632K, reserved 1048576K
}
Event: 3.285 GC heap before
{Heap before GC invocations=17 (full 0):
 garbage-first heap   total 61440K, used 52204K [0x00000000a2600000, 0x0000000100000000)
  region size 1024K, 36 young (36864K), 4 survivors (4096K)
 Metaspace       used 45813K, committed 46400K, reserved 1114112K
  class space    used 5728K, committed 6016K, reserved 1048576K
}
Event: 3.288 GC heap after
{Heap after GC invocations=18 (full 0):
 garbage-first heap   total 61440K, used 22021K [0x00000000a2600000, 0x0000000100000000)
  region size 1024K, 3 young (3072K), 3 survivors (3072K)
 Metaspace       used 45813K, committed 46400K, reserved 1114112K
  class space    used 5728K, committed 6016K, reserved 1048576K
}
Event: 3.480 GC heap before
{Heap before GC invocations=18 (full 0):
 garbage-first heap   total 61440K, used 54789K [0x00000000a2600000, 0x0000000100000000)
  region size 1024K, 35 young (35840K), 3 survivors (3072K)
 Metaspace       used 49107K, committed 49728K, reserved 1114112K
  class space    used 6227K, committed 6528K, reserved 1048576K
}
Event: 3.482 GC heap after
{Heap after GC invocations=19 (full 0):
 garbage-first heap   total 61440K, used 22314K [0x00000000a2600000, 0x0000000100000000)
  region size 1024K, 4 young (4096K), 4 survivors (4096K)
 Metaspace       used 49107K, committed 49728K, reserved 1114112K
  class space    used 6227K, committed 6528K, reserved 1048576K
}
Event: 3.676 GC heap before
{Heap before GC invocations=19 (full 0):
 garbage-first heap   total 61440K, used 53034K [0x00000000a2600000, 0x0000000100000000)
  region size 1024K, 34 young (34816K), 4 survivors (4096K)
 Metaspace       used 51947K, committed 52608K, reserved 1114112K
  class space    used 6688K, committed 6976K, reserved 1048576K
}
Event: 3.679 GC heap after
{Heap after GC invocations=20 (full 0):
 garbage-first heap   total 61440K, used 23020K [0x00000000a2600000, 0x0000000100000000)
  region size 1024K, 3 young (3072K), 3 survivors (3072K)
 Metaspace       used 51947K, committed 52608K, reserved 1114112K
  class space    used 6688K, committed 6976K, reserved 1048576K
}
Event: 3.936 GC heap before
{Heap before GC invocations=20 (full 0):
 garbage-first heap   total 61440K, used 54764K [0x00000000a2600000, 0x0000000100000000)
  region size 1024K, 34 young (34816K), 3 survivors (3072K)
 Metaspace       used 54130K, committed 54720K, reserved 1114112K
  class space    used 6994K, committed 7296K, reserved 1048576K
}
Event: 3.939 GC heap after
{Heap after GC invocations=21 (full 0):
 garbage-first heap   total 73728K, used 23565K [0x00000000a2600000, 0x0000000100000000)
  region size 1024K, 4 young (4096K), 4 survivors (4096K)
 Metaspace       used 54130K, committed 54720K, reserved 1114112K
  class space    used 6994K, committed 7296K, reserved 1048576K
}
Event: 4.211 GC heap before
{Heap before GC invocations=21 (full 0):
 garbage-first heap   total 73728K, used 63501K [0x00000000a2600000, 0x0000000100000000)
  region size 1024K, 43 young (44032K), 4 survivors (4096K)
 Metaspace       used 57902K, committed 58496K, reserved 1114112K
  class space    used 7461K, committed 7744K, reserved 1048576K
}
Event: 4.214 GC heap after
{Heap after GC invocations=22 (full 0):
 garbage-first heap   total 73728K, used 24411K [0x00000000a2600000, 0x0000000100000000)
  region size 1024K, 4 young (4096K), 4 survivors (4096K)
 Metaspace       used 57902K, committed 58496K, reserved 1114112K
  class space    used 7461K, committed 7744K, reserved 1048576K
}
Event: 4.292 GC heap before
{Heap before GC invocations=22 (full 0):
 garbage-first heap   total 73728K, used 36699K [0x00000000a2600000, 0x0000000100000000)
  region size 1024K, 18 young (18432K), 4 survivors (4096K)
 Metaspace       used 59769K, committed 60288K, reserved 1114112K
  class space    used 7824K, committed 8064K, reserved 1048576K
}
Event: 4.296 GC heap after
{Heap after GC invocations=23 (full 0):
 garbage-first heap   total 73728K, used 24535K [0x00000000a2600000, 0x0000000100000000)
  region size 1024K, 3 young (3072K), 3 survivors (3072K)
 Metaspace       used 59769K, committed 60288K, reserved 1114112K
  class space    used 7824K, committed 8064K, reserved 1048576K
}
Event: 4.628 GC heap before
{Heap before GC invocations=24 (full 0):
 garbage-first heap   total 73728K, used 63447K [0x00000000a2600000, 0x0000000100000000)
  region size 1024K, 42 young (43008K), 3 survivors (3072K)
 Metaspace       used 63811K, committed 64512K, reserved 1114112K
  class space    used 8471K, committed 8768K, reserved 1048576K
}
Event: 4.630 GC heap after
{Heap after GC invocations=25 (full 0):
 garbage-first heap   total 73728K, used 24979K [0x00000000a2600000, 0x0000000100000000)
  region size 1024K, 4 young (4096K), 4 survivors (4096K)
 Metaspace       used 63811K, committed 64512K, reserved 1114112K
  class space    used 8471K, committed 8768K, reserved 1048576K
}

